<?xml version="1.0" encoding="UTF-8"?>
<coverage generated="1766055527175" clover="3.2.0">
  <project timestamp="1766055527175" name="All files">
    <metrics statements="14" coveredstatements="13" conditionals="10" coveredconditionals="8" methods="2" coveredmethods="2" elements="26" coveredelements="23" complexity="0" loc="14" ncloc="14" packages="1" files="1" classes="1"/>
    <file name="maskSensitiveData.js" path="C:\Users\poste\logs-platform\backend\utils\maskSensitiveData.js">
      <metrics statements="14" coveredstatements="13" conditionals="10" coveredconditionals="8" methods="2" coveredmethods="2"/>
      <line num="6" count="1" type="stmt"/>
      <line num="21" count="5" type="cond" truecount="1" falsecount="1"/>
      <line num="24" count="5" type="cond" truecount="2" falsecount="0"/>
      <line num="25" count="2" type="stmt"/>
      <line num="26" count="4" type="cond" truecount="1" falsecount="1"/>
      <line num="27" count="4" type="stmt"/>
      <line num="28" count="4" type="stmt"/>
      <line num="29" count="7" type="cond" truecount="2" falsecount="0"/>
      <line num="30" count="3" type="stmt"/>
      <line num="31" count="4" type="cond" truecount="2" falsecount="0"/>
      <line num="32" count="1" type="stmt"/>
      <line num="34" count="3" type="stmt"/>
      <line num="37" count="4" type="stmt"/>
      <line num="41" count="0" type="stmt"/>
    </file>
  </project>
</coverage>
