{"C:\\Users\\poste\\logs-platform\\backend\\config\\db.js": {"path":"C:\\Users\\poste\\logs-platform\\backend\\config\\db.js","statementMap":{"0":{"start":{"line":5,"column":18},"end":{"line":37,"column":1}},"1":{"start":{"line":41,"column":2},"end":{"line":47,"column":3}},"2":{"start":{"line":42,"column":4},"end":{"line":42,"column":35}},"3":{"start":{"line":43,"column":4},"end":{"line":43,"column":53}},"4":{"start":{"line":45,"column":4},"end":{"line":45,"column":61}},"5":{"start":{"line":46,"column":4},"end":{"line":46,"column":20}}},"fnMap":{"0":{"name":"initDatabase","decl":{"start":{"line":40,"column":22},"end":{"line":40,"column":34}},"loc":{"start":{"line":40,"column":37},"end":{"line":48,"column":1}},"line":40}},"branchMap":{"0":{"loc":{"start":{"line":12,"column":13},"end":{"line":12,"column":65}},"type":"cond-expr","locations":[{"start":{"line":12,"column":47},"end":{"line":12,"column":55}},{"start":{"line":12,"column":58},"end":{"line":12,"column":65}}],"line":12},"1":{"loc":{"start":{"line":13,"column":13},"end":{"line":13,"column":69}},"type":"cond-expr","locations":[{"start":{"line":13,"column":47},"end":{"line":13,"column":57}},{"start":{"line":13,"column":60},"end":{"line":13,"column":69}}],"line":13}},"s":{"0":7,"1":0,"2":0,"3":0,"4":0,"5":0},"f":{"0":0},"b":{"0":[7,0],"1":[7,0]},"_coverageSchema":"1a1c01bbd47fc00a2c39e90264f33305004495a9","hash":"b60a4e95e10d55fbfd2fadc1048ed24d2d5123ea"}
,"C:\\Users\\poste\\logs-platform\\backend\\config\\index.js": {"path":"C:\\Users\\poste\\logs-platform\\backend\\config\\index.js","statementMap":{"0":{"start":{"line":4,"column":0},"end":{"line":4,"column":16}},"1":{"start":{"line":7,"column":2},"end":{"line":9,"column":3}},"2":{"start":{"line":8,"column":4},"end":{"line":8,"column":70}},"3":{"start":{"line":10,"column":2},"end":{"line":10,"column":27}},"4":{"start":{"line":13,"column":15},"end":{"line":46,"column":1}}},"fnMap":{"0":{"name":"requireEnv","decl":{"start":{"line":6,"column":9},"end":{"line":6,"column":19}},"loc":{"start":{"line":6,"column":26},"end":{"line":11,"column":1}},"line":6}},"branchMap":{"0":{"loc":{"start":{"line":7,"column":2},"end":{"line":9,"column":3}},"type":"if","locations":[{"start":{"line":7,"column":2},"end":{"line":9,"column":3}},{"start":{},"end":{}}],"line":7},"1":{"loc":{"start":{"line":14,"column":8},"end":{"line":14,"column":45}},"type":"binary-expr","locations":[{"start":{"line":14,"column":8},"end":{"line":14,"column":28}},{"start":{"line":14,"column":32},"end":{"line":14,"column":45}}],"line":14},"2":{"loc":{"start":{"line":17,"column":10},"end":{"line":17,"column":48}},"type":"binary-expr","locations":[{"start":{"line":17,"column":10},"end":{"line":17,"column":30}},{"start":{"line":17,"column":34},"end":{"line":17,"column":48}}],"line":17},"3":{"loc":{"start":{"line":18,"column":13},"end":{"line":18,"column":47}},"type":"binary-expr","locations":[{"start":{"line":18,"column":13},"end":{"line":18,"column":36}},{"start":{"line":18,"column":40},"end":{"line":18,"column":47}}],"line":18},"4":{"loc":{"start":{"line":22,"column":10},"end":{"line":22,"column":42}},"type":"binary-expr","locations":[{"start":{"line":22,"column":10},"end":{"line":22,"column":34}},{"start":{"line":22,"column":38},"end":{"line":22,"column":42}}],"line":22},"5":{"loc":{"start":{"line":26,"column":8},"end":{"line":26,"column":42}},"type":"binary-expr","locations":[{"start":{"line":26,"column":8},"end":{"line":26,"column":27}},{"start":{"line":26,"column":31},"end":{"line":26,"column":42}}],"line":26},"6":{"loc":{"start":{"line":27,"column":8},"end":{"line":27,"column":43}},"type":"binary-expr","locations":[{"start":{"line":27,"column":8},"end":{"line":27,"column":35}},{"start":{"line":27,"column":39},"end":{"line":27,"column":43}}],"line":27},"7":{"loc":{"start":{"line":28,"column":8},"end":{"line":28,"column":74}},"type":"cond-expr","locations":[{"start":{"line":28,"column":42},"end":{"line":28,"column":52}},{"start":{"line":28,"column":55},"end":{"line":28,"column":74}}],"line":28}},"s":{"0":8,"1":48,"2":0,"3":48,"4":8},"f":{"0":48},"b":{"0":[0,48],"1":[8,0],"2":[8,8],"3":[8,8],"4":[8,0],"5":[8,0],"6":[8,0],"7":[8,0]},"_coverageSchema":"1a1c01bbd47fc00a2c39e90264f33305004495a9","hash":"a97dde81a3ed250135ac83e613422ca452608bef"}
,"C:\\Users\\poste\\logs-platform\\backend\\instrumentation\\backendLogger.js": {"path":"C:\\Users\\poste\\logs-platform\\backend\\instrumentation\\backendLogger.js","statementMap":{"0":{"start":{"line":8,"column":15},"end":{"line":11,"column":2}},"1":{"start":{"line":20,"column":18},"end":{"line":20,"column":37}},"2":{"start":{"line":23,"column":18},"end":{"line":26,"column":3}},"3":{"start":{"line":28,"column":2},"end":{"line":28,"column":41}},"4":{"start":{"line":34,"column":21},"end":{"line":34,"column":59}},"5":{"start":{"line":34,"column":36},"end":{"line":34,"column":59}},"6":{"start":{"line":35,"column":20},"end":{"line":35,"column":57}},"7":{"start":{"line":35,"column":35},"end":{"line":35,"column":57}},"8":{"start":{"line":36,"column":20},"end":{"line":36,"column":57}},"9":{"start":{"line":36,"column":35},"end":{"line":36,"column":57}},"10":{"start":{"line":37,"column":21},"end":{"line":37,"column":59}},"11":{"start":{"line":37,"column":36},"end":{"line":37,"column":59}},"12":{"start":{"line":38,"column":21},"end":{"line":38,"column":59}},"13":{"start":{"line":38,"column":36},"end":{"line":38,"column":59}}},"fnMap":{"0":{"name":"log","decl":{"start":{"line":19,"column":16},"end":{"line":19,"column":19}},"loc":{"start":{"line":19,"column":47},"end":{"line":29,"column":1}},"line":19},"1":{"name":"(anonymous_1)","decl":{"start":{"line":34,"column":21},"end":{"line":34,"column":22}},"loc":{"start":{"line":34,"column":36},"end":{"line":34,"column":59}},"line":34},"2":{"name":"(anonymous_2)","decl":{"start":{"line":35,"column":20},"end":{"line":35,"column":21}},"loc":{"start":{"line":35,"column":35},"end":{"line":35,"column":57}},"line":35},"3":{"name":"(anonymous_3)","decl":{"start":{"line":36,"column":20},"end":{"line":36,"column":21}},"loc":{"start":{"line":36,"column":35},"end":{"line":36,"column":57}},"line":36},"4":{"name":"(anonymous_4)","decl":{"start":{"line":37,"column":21},"end":{"line":37,"column":22}},"loc":{"start":{"line":37,"column":36},"end":{"line":37,"column":59}},"line":37},"5":{"name":"(anonymous_5)","decl":{"start":{"line":38,"column":21},"end":{"line":38,"column":22}},"loc":{"start":{"line":38,"column":36},"end":{"line":38,"column":59}},"line":38}},"branchMap":{"0":{"loc":{"start":{"line":9,"column":9},"end":{"line":9,"column":51}},"type":"cond-expr","locations":[{"start":{"line":9,"column":35},"end":{"line":9,"column":42}},{"start":{"line":9,"column":45},"end":{"line":9,"column":51}}],"line":9},"1":{"loc":{"start":{"line":19,"column":36},"end":{"line":19,"column":45}},"type":"default-arg","locations":[{"start":{"line":19,"column":43},"end":{"line":19,"column":45}}],"line":19}},"s":{"0":1,"1":1,"2":1,"3":1,"4":1,"5":1,"6":1,"7":0,"8":1,"9":0,"10":1,"11":0,"12":1,"13":0},"f":{"0":1,"1":1,"2":0,"3":0,"4":0,"5":0},"b":{"0":[0,1],"1":[0]},"_coverageSchema":"1a1c01bbd47fc00a2c39e90264f33305004495a9","hash":"bc69610b85a03742d6a02d71b7a1e057e231ba1d"}
,"C:\\Users\\poste\\logs-platform\\backend\\instrumentation\\requestContext.js": {"path":"C:\\Users\\poste\\logs-platform\\backend\\instrumentation\\requestContext.js","statementMap":{"0":{"start":{"line":4,"column":26},"end":{"line":4,"column":49}},"1":{"start":{"line":10,"column":18},"end":{"line":14,"column":3}},"2":{"start":{"line":16,"column":2},"end":{"line":18,"column":5}},"3":{"start":{"line":17,"column":4},"end":{"line":17,"column":11}},"4":{"start":{"line":26,"column":2},"end":{"line":26,"column":44}},"5":{"start":{"line":34,"column":2},"end":{"line":34,"column":64}}},"fnMap":{"0":{"name":"requestContextMiddleware","decl":{"start":{"line":9,"column":16},"end":{"line":9,"column":40}},"loc":{"start":{"line":9,"column":63},"end":{"line":19,"column":1}},"line":9},"1":{"name":"(anonymous_1)","decl":{"start":{"line":16,"column":33},"end":{"line":16,"column":34}},"loc":{"start":{"line":16,"column":39},"end":{"line":18,"column":3}},"line":16},"2":{"name":"getRequestContext","decl":{"start":{"line":25,"column":16},"end":{"line":25,"column":33}},"loc":{"start":{"line":25,"column":36},"end":{"line":27,"column":1}},"line":25},"3":{"name":"generateUniqueId","decl":{"start":{"line":33,"column":9},"end":{"line":33,"column":25}},"loc":{"start":{"line":33,"column":28},"end":{"line":35,"column":1}},"line":33}},"branchMap":{"0":{"loc":{"start":{"line":11,"column":15},"end":{"line":11,"column":68}},"type":"binary-expr","locations":[{"start":{"line":11,"column":15},"end":{"line":11,"column":46}},{"start":{"line":11,"column":50},"end":{"line":11,"column":68}}],"line":11},"1":{"loc":{"start":{"line":12,"column":15},"end":{"line":12,"column":54}},"type":"binary-expr","locations":[{"start":{"line":12,"column":15},"end":{"line":12,"column":46}},{"start":{"line":12,"column":50},"end":{"line":12,"column":54}}],"line":12},"2":{"loc":{"start":{"line":13,"column":12},"end":{"line":13,"column":36}},"type":"binary-expr","locations":[{"start":{"line":13,"column":12},"end":{"line":13,"column":28}},{"start":{"line":13,"column":32},"end":{"line":13,"column":36}}],"line":13},"3":{"loc":{"start":{"line":26,"column":9},"end":{"line":26,"column":43}},"type":"binary-expr","locations":[{"start":{"line":26,"column":9},"end":{"line":26,"column":37}},{"start":{"line":26,"column":41},"end":{"line":26,"column":43}}],"line":26}},"s":{"0":1,"1":0,"2":0,"3":0,"4":1,"5":0},"f":{"0":0,"1":0,"2":1,"3":0},"b":{"0":[0,0],"1":[0,0],"2":[0,0],"3":[1,1]},"_coverageSchema":"1a1c01bbd47fc00a2c39e90264f33305004495a9","hash":"bb6e4aecca6312440460f885986d00c28eb7f683"}
,"C:\\Users\\poste\\logs-platform\\backend\\models\\Alert.js": {"path":"C:\\Users\\poste\\logs-platform\\backend\\models\\Alert.js","statementMap":{"0":{"start":{"line":5,"column":14},"end":{"line":107,"column":1}}},"fnMap":{},"branchMap":{},"s":{"0":1},"f":{},"b":{},"_coverageSchema":"1a1c01bbd47fc00a2c39e90264f33305004495a9","hash":"6547684f592223174145fbf22c3a9595528619c7"}
,"C:\\Users\\poste\\logs-platform\\backend\\models\\Ingestion.js": {"path":"C:\\Users\\poste\\logs-platform\\backend\\models\\Ingestion.js","statementMap":{"0":{"start":{"line":6,"column":18},"end":{"line":50,"column":1}}},"fnMap":{},"branchMap":{},"s":{"0":2},"f":{},"b":{},"_coverageSchema":"1a1c01bbd47fc00a2c39e90264f33305004495a9","hash":"e94d276c37fcb45e0fa7797e1e917e0a30a0d1f1"}
,"C:\\Users\\poste\\logs-platform\\backend\\models\\Log.js": {"path":"C:\\Users\\poste\\logs-platform\\backend\\models\\Log.js","statementMap":{"0":{"start":{"line":4,"column":12},"end":{"line":114,"column":1}}},"fnMap":{},"branchMap":{},"s":{"0":3},"f":{},"b":{},"_coverageSchema":"1a1c01bbd47fc00a2c39e90264f33305004495a9","hash":"16e446953466b1de3ec56ed0dd4f6ac0984d5e04"}
,"C:\\Users\\poste\\logs-platform\\backend\\models\\User.js": {"path":"C:\\Users\\poste\\logs-platform\\backend\\models\\User.js","statementMap":{"0":{"start":{"line":4,"column":13},"end":{"line":43,"column":1}}},"fnMap":{},"branchMap":{},"s":{"0":1},"f":{},"b":{},"_coverageSchema":"1a1c01bbd47fc00a2c39e90264f33305004495a9","hash":"8c8e939fa7ef8d84771281e55bd11fc5aa7c12fa"}
,"C:\\Users\\poste\\logs-platform\\backend\\services\\alertService.js": {"path":"C:\\Users\\poste\\logs-platform\\backend\\services\\alertService.js","statementMap":{"0":{"start":{"line":11,"column":18},"end":{"line":11,"column":42}},"1":{"start":{"line":12,"column":4},"end":{"line":12,"column":17}},"2":{"start":{"line":21,"column":4},"end":{"line":21,"column":77}},"3":{"start":{"line":30,"column":4},"end":{"line":30,"column":30}},"4":{"start":{"line":40,"column":18},"end":{"line":40,"column":42}},"5":{"start":{"line":41,"column":4},"end":{"line":41,"column":28}},"6":{"start":{"line":41,"column":16},"end":{"line":41,"column":28}},"7":{"start":{"line":42,"column":4},"end":{"line":42,"column":33}},"8":{"start":{"line":51,"column":25},"end":{"line":51,"column":63}},"9":{"start":{"line":52,"column":4},"end":{"line":52,"column":28}}},"fnMap":{"0":{"name":"(anonymous_0)","decl":{"start":{"line":10,"column":2},"end":{"line":10,"column":3}},"loc":{"start":{"line":10,"column":33},"end":{"line":13,"column":3}},"line":10},"1":{"name":"(anonymous_1)","decl":{"start":{"line":20,"column":2},"end":{"line":20,"column":3}},"loc":{"start":{"line":20,"column":39},"end":{"line":22,"column":3}},"line":20},"2":{"name":"(anonymous_2)","decl":{"start":{"line":29,"column":2},"end":{"line":29,"column":3}},"loc":{"start":{"line":29,"column":32},"end":{"line":31,"column":3}},"line":29},"3":{"name":"(anonymous_3)","decl":{"start":{"line":39,"column":2},"end":{"line":39,"column":3}},"loc":{"start":{"line":39,"column":40},"end":{"line":43,"column":3}},"line":39},"4":{"name":"(anonymous_4)","decl":{"start":{"line":50,"column":2},"end":{"line":50,"column":3}},"loc":{"start":{"line":50,"column":31},"end":{"line":53,"column":3}},"line":50}},"branchMap":{"0":{"loc":{"start":{"line":20,"column":25},"end":{"line":20,"column":37}},"type":"default-arg","locations":[{"start":{"line":20,"column":35},"end":{"line":20,"column":37}}],"line":20},"1":{"loc":{"start":{"line":41,"column":4},"end":{"line":41,"column":28}},"type":"if","locations":[{"start":{"line":41,"column":4},"end":{"line":41,"column":28}},{"start":{},"end":{}}],"line":41}},"s":{"0":1,"1":1,"2":1,"3":0,"4":0,"5":0,"6":0,"7":0,"8":0,"9":0},"f":{"0":1,"1":1,"2":0,"3":0,"4":0},"b":{"0":[0],"1":[0,0]},"_coverageSchema":"1a1c01bbd47fc00a2c39e90264f33305004495a9","hash":"679c41efe0b571582ebeca034bee4ec6b2f1d763"}
,"C:\\Users\\poste\\logs-platform\\backend\\services\\ingestionService.js": {"path":"C:\\Users\\poste\\logs-platform\\backend\\services\\ingestionService.js","statementMap":{"0":{"start":{"line":13,"column":16},"end":{"line":13,"column":41}},"1":{"start":{"line":16,"column":22},"end":{"line":20,"column":6}},"2":{"start":{"line":22,"column":4},"end":{"line":22,"column":21}},"3":{"start":{"line":33,"column":22},"end":{"line":33,"column":59}},"4":{"start":{"line":34,"column":4},"end":{"line":34,"column":32}},"5":{"start":{"line":34,"column":20},"end":{"line":34,"column":32}},"6":{"start":{"line":36,"column":20},"end":{"line":36,"column":30}},"7":{"start":{"line":37,"column":4},"end":{"line":37,"column":65}},"8":{"start":{"line":37,"column":32},"end":{"line":37,"column":65}},"9":{"start":{"line":38,"column":4},"end":{"line":38,"column":58}},"10":{"start":{"line":38,"column":22},"end":{"line":38,"column":58}},"11":{"start":{"line":40,"column":4},"end":{"line":40,"column":37}}},"fnMap":{"0":{"name":"(anonymous_0)","decl":{"start":{"line":11,"column":2},"end":{"line":11,"column":3}},"loc":{"start":{"line":11,"column":34},"end":{"line":23,"column":3}},"line":11},"1":{"name":"(anonymous_1)","decl":{"start":{"line":32,"column":2},"end":{"line":32,"column":3}},"loc":{"start":{"line":32,"column":79},"end":{"line":41,"column":3}},"line":32}},"branchMap":{"0":{"loc":{"start":{"line":32,"column":58},"end":{"line":32,"column":77}},"type":"default-arg","locations":[{"start":{"line":32,"column":73},"end":{"line":32,"column":77}}],"line":32},"1":{"loc":{"start":{"line":34,"column":4},"end":{"line":34,"column":32}},"type":"if","locations":[{"start":{"line":34,"column":4},"end":{"line":34,"column":32}},{"start":{},"end":{}}],"line":34},"2":{"loc":{"start":{"line":37,"column":4},"end":{"line":37,"column":65}},"type":"if","locations":[{"start":{"line":37,"column":4},"end":{"line":37,"column":65}},{"start":{},"end":{}}],"line":37},"3":{"loc":{"start":{"line":38,"column":4},"end":{"line":38,"column":58}},"type":"if","locations":[{"start":{"line":38,"column":4},"end":{"line":38,"column":58}},{"start":{},"end":{}}],"line":38}},"s":{"0":2,"1":2,"2":2,"3":2,"4":2,"5":1,"6":1,"7":1,"8":1,"9":1,"10":0,"11":1},"f":{"0":2,"1":2},"b":{"0":[2],"1":[1,1],"2":[1,0],"3":[0,1]},"_coverageSchema":"1a1c01bbd47fc00a2c39e90264f33305004495a9","hash":"a84db6333c425ec9c590f9dec055de8498c77506"}
,"C:\\Users\\poste\\logs-platform\\backend\\services\\logService.js": {"path":"C:\\Users\\poste\\logs-platform\\backend\\services\\logService.js","statementMap":{"0":{"start":{"line":11,"column":16},"end":{"line":11,"column":38}},"1":{"start":{"line":12,"column":4},"end":{"line":12,"column":15}},"2":{"start":{"line":21,"column":4},"end":{"line":21,"column":28}},"3":{"start":{"line":31,"column":72},"end":{"line":31,"column":79}},"4":{"start":{"line":33,"column":18},"end":{"line":33,"column":20}},"5":{"start":{"line":34,"column":4},"end":{"line":34,"column":51}},"6":{"start":{"line":34,"column":23},"end":{"line":34,"column":51}},"7":{"start":{"line":35,"column":4},"end":{"line":35,"column":45}},"8":{"start":{"line":35,"column":21},"end":{"line":35,"column":45}},"9":{"start":{"line":36,"column":4},"end":{"line":36,"column":57}},"10":{"start":{"line":36,"column":25},"end":{"line":36,"column":57}},"11":{"start":{"line":37,"column":4},"end":{"line":37,"column":69}},"12":{"start":{"line":37,"column":29},"end":{"line":37,"column":69}},"13":{"start":{"line":38,"column":4},"end":{"line":38,"column":54}},"14":{"start":{"line":38,"column":24},"end":{"line":38,"column":54}},"15":{"start":{"line":39,"column":4},"end":{"line":43,"column":5}},"16":{"start":{"line":40,"column":6},"end":{"line":40,"column":27}},"17":{"start":{"line":41,"column":6},"end":{"line":41,"column":80}},"18":{"start":{"line":41,"column":29},"end":{"line":41,"column":80}},"19":{"start":{"line":42,"column":6},"end":{"line":42,"column":76}},"20":{"start":{"line":42,"column":27},"end":{"line":42,"column":76}},"21":{"start":{"line":45,"column":19},"end":{"line":50,"column":6}},"22":{"start":{"line":52,"column":4},"end":{"line":52,"column":18}},"23":{"start":{"line":61,"column":25},"end":{"line":61,"column":61}},"24":{"start":{"line":62,"column":4},"end":{"line":62,"column":28}}},"fnMap":{"0":{"name":"(anonymous_0)","decl":{"start":{"line":10,"column":2},"end":{"line":10,"column":3}},"loc":{"start":{"line":10,"column":31},"end":{"line":13,"column":3}},"line":10},"1":{"name":"(anonymous_1)","decl":{"start":{"line":20,"column":2},"end":{"line":20,"column":3}},"loc":{"start":{"line":20,"column":30},"end":{"line":22,"column":3}},"line":20},"2":{"name":"(anonymous_2)","decl":{"start":{"line":30,"column":2},"end":{"line":30,"column":3}},"loc":{"start":{"line":30,"column":51},"end":{"line":53,"column":3}},"line":30},"3":{"name":"(anonymous_3)","decl":{"start":{"line":60,"column":2},"end":{"line":60,"column":3}},"loc":{"start":{"line":60,"column":29},"end":{"line":63,"column":3}},"line":60}},"branchMap":{"0":{"loc":{"start":{"line":30,"column":23},"end":{"line":30,"column":35}},"type":"default-arg","locations":[{"start":{"line":30,"column":33},"end":{"line":30,"column":35}}],"line":30},"1":{"loc":{"start":{"line":30,"column":37},"end":{"line":30,"column":49}},"type":"default-arg","locations":[{"start":{"line":30,"column":47},"end":{"line":30,"column":49}}],"line":30},"2":{"loc":{"start":{"line":31,"column":12},"end":{"line":31,"column":22}},"type":"default-arg","locations":[{"start":{"line":31,"column":20},"end":{"line":31,"column":22}}],"line":31},"3":{"loc":{"start":{"line":31,"column":24},"end":{"line":31,"column":34}},"type":"default-arg","locations":[{"start":{"line":31,"column":33},"end":{"line":31,"column":34}}],"line":31},"4":{"loc":{"start":{"line":31,"column":36},"end":{"line":31,"column":67}},"type":"default-arg","locations":[{"start":{"line":31,"column":44},"end":{"line":31,"column":67}}],"line":31},"5":{"loc":{"start":{"line":34,"column":4},"end":{"line":34,"column":51}},"type":"if","locations":[{"start":{"line":34,"column":4},"end":{"line":34,"column":51}},{"start":{},"end":{}}],"line":34},"6":{"loc":{"start":{"line":35,"column":4},"end":{"line":35,"column":45}},"type":"if","locations":[{"start":{"line":35,"column":4},"end":{"line":35,"column":45}},{"start":{},"end":{}}],"line":35},"7":{"loc":{"start":{"line":36,"column":4},"end":{"line":36,"column":57}},"type":"if","locations":[{"start":{"line":36,"column":4},"end":{"line":36,"column":57}},{"start":{},"end":{}}],"line":36},"8":{"loc":{"start":{"line":37,"column":4},"end":{"line":37,"column":69}},"type":"if","locations":[{"start":{"line":37,"column":4},"end":{"line":37,"column":69}},{"start":{},"end":{}}],"line":37},"9":{"loc":{"start":{"line":38,"column":4},"end":{"line":38,"column":54}},"type":"if","locations":[{"start":{"line":38,"column":4},"end":{"line":38,"column":54}},{"start":{},"end":{}}],"line":38},"10":{"loc":{"start":{"line":39,"column":4},"end":{"line":43,"column":5}},"type":"if","locations":[{"start":{"line":39,"column":4},"end":{"line":43,"column":5}},{"start":{},"end":{}}],"line":39},"11":{"loc":{"start":{"line":39,"column":8},"end":{"line":39,"column":44}},"type":"binary-expr","locations":[{"start":{"line":39,"column":8},"end":{"line":39,"column":25}},{"start":{"line":39,"column":29},"end":{"line":39,"column":44}}],"line":39},"12":{"loc":{"start":{"line":41,"column":6},"end":{"line":41,"column":80}},"type":"if","locations":[{"start":{"line":41,"column":6},"end":{"line":41,"column":80}},{"start":{},"end":{}}],"line":41},"13":{"loc":{"start":{"line":42,"column":6},"end":{"line":42,"column":76}},"type":"if","locations":[{"start":{"line":42,"column":6},"end":{"line":42,"column":76}},{"start":{},"end":{}}],"line":42}},"s":{"0":1,"1":1,"2":0,"3":1,"4":1,"5":1,"6":1,"7":1,"8":0,"9":1,"10":0,"11":1,"12":0,"13":1,"14":0,"15":1,"16":0,"17":0,"18":0,"19":0,"20":0,"21":1,"22":1,"23":1,"24":1},"f":{"0":1,"1":0,"2":1,"3":1},"b":{"0":[0],"1":[1],"2":[1],"3":[1],"4":[1],"5":[1,0],"6":[0,1],"7":[0,1],"8":[0,1],"9":[0,1],"10":[0,1],"11":[1,1],"12":[0,0],"13":[0,0]},"_coverageSchema":"1a1c01bbd47fc00a2c39e90264f33305004495a9","hash":"4416d51d9b214a0147862eabf6d8c1703d47bca0"}
,"C:\\Users\\poste\\logs-platform\\backend\\services\\userService.js": {"path":"C:\\Users\\poste\\logs-platform\\backend\\services\\userService.js","statementMap":{"0":{"start":{"line":13,"column":25},"end":{"line":13,"column":61}},"1":{"start":{"line":15,"column":17},"end":{"line":21,"column":6}},"2":{"start":{"line":23,"column":4},"end":{"line":23,"column":16}},"3":{"start":{"line":31,"column":4},"end":{"line":31,"column":60}},"4":{"start":{"line":40,"column":4},"end":{"line":40,"column":29}},"5":{"start":{"line":50,"column":17},"end":{"line":50,"column":40}},"6":{"start":{"line":51,"column":4},"end":{"line":51,"column":27}},"7":{"start":{"line":51,"column":15},"end":{"line":51,"column":27}},"8":{"start":{"line":54,"column":4},"end":{"line":57,"column":5}},"9":{"start":{"line":55,"column":6},"end":{"line":55,"column":69}},"10":{"start":{"line":56,"column":6},"end":{"line":56,"column":30}},"11":{"start":{"line":59,"column":4},"end":{"line":59,"column":32}},"12":{"start":{"line":68,"column":25},"end":{"line":68,"column":62}},"13":{"start":{"line":69,"column":4},"end":{"line":69,"column":28}},"14":{"start":{"line":79,"column":4},"end":{"line":79,"column":55}}},"fnMap":{"0":{"name":"(anonymous_0)","decl":{"start":{"line":11,"column":2},"end":{"line":11,"column":3}},"loc":{"start":{"line":11,"column":32},"end":{"line":24,"column":3}},"line":11},"1":{"name":"(anonymous_1)","decl":{"start":{"line":30,"column":2},"end":{"line":30,"column":3}},"loc":{"start":{"line":30,"column":26},"end":{"line":32,"column":3}},"line":30},"2":{"name":"(anonymous_2)","decl":{"start":{"line":39,"column":2},"end":{"line":39,"column":3}},"loc":{"start":{"line":39,"column":31},"end":{"line":41,"column":3}},"line":39},"3":{"name":"(anonymous_3)","decl":{"start":{"line":49,"column":2},"end":{"line":49,"column":3}},"loc":{"start":{"line":49,"column":39},"end":{"line":60,"column":3}},"line":49},"4":{"name":"(anonymous_4)","decl":{"start":{"line":67,"column":2},"end":{"line":67,"column":3}},"loc":{"start":{"line":67,"column":30},"end":{"line":70,"column":3}},"line":67},"5":{"name":"(anonymous_5)","decl":{"start":{"line":78,"column":2},"end":{"line":78,"column":3}},"loc":{"start":{"line":78,"column":46},"end":{"line":80,"column":3}},"line":78}},"branchMap":{"0":{"loc":{"start":{"line":19,"column":12},"end":{"line":19,"column":33}},"type":"binary-expr","locations":[{"start":{"line":19,"column":12},"end":{"line":19,"column":21}},{"start":{"line":19,"column":25},"end":{"line":19,"column":33}}],"line":19},"1":{"loc":{"start":{"line":20,"column":16},"end":{"line":20,"column":66}},"type":"cond-expr","locations":[{"start":{"line":20,"column":46},"end":{"line":20,"column":59}},{"start":{"line":20,"column":62},"end":{"line":20,"column":66}}],"line":20},"2":{"loc":{"start":{"line":51,"column":4},"end":{"line":51,"column":27}},"type":"if","locations":[{"start":{"line":51,"column":4},"end":{"line":51,"column":27}},{"start":{},"end":{}}],"line":51},"3":{"loc":{"start":{"line":54,"column":4},"end":{"line":57,"column":5}},"type":"if","locations":[{"start":{"line":54,"column":4},"end":{"line":57,"column":5}},{"start":{},"end":{}}],"line":54}},"s":{"0":1,"1":1,"2":1,"3":0,"4":0,"5":0,"6":0,"7":0,"8":0,"9":0,"10":0,"11":0,"12":0,"13":0,"14":0},"f":{"0":1,"1":0,"2":0,"3":0,"4":0,"5":0},"b":{"0":[1,1],"1":[0,1],"2":[0,0],"3":[0,0]},"_coverageSchema":"1a1c01bbd47fc00a2c39e90264f33305004495a9","hash":"f76c17c570d636e75c97d26bb38d49361c138aea"}
,"C:\\Users\\poste\\logs-platform\\backend\\utils\\maskSensitiveData.js": {"path":"C:\\Users\\poste\\logs-platform\\backend\\utils\\maskSensitiveData.js","statementMap":{"0":{"start":{"line":7,"column":23},"end":{"line":14,"column":1}},"1":{"start":{"line":22,"column":2},"end":{"line":22,"column":25}},"2":{"start":{"line":22,"column":13},"end":{"line":22,"column":25}},"3":{"start":{"line":24,"column":2},"end":{"line":38,"column":3}},"4":{"start":{"line":25,"column":4},"end":{"line":25,"column":53}},"5":{"start":{"line":25,"column":28},"end":{"line":25,"column":51}},"6":{"start":{"line":26,"column":9},"end":{"line":38,"column":3}},"7":{"start":{"line":27,"column":19},"end":{"line":27,"column":21}},"8":{"start":{"line":28,"column":4},"end":{"line":36,"column":5}},"9":{"start":{"line":29,"column":6},"end":{"line":35,"column":7}},"10":{"start":{"line":30,"column":8},"end":{"line":30,"column":33}},"11":{"start":{"line":31,"column":13},"end":{"line":35,"column":7}},"12":{"start":{"line":32,"column":8},"end":{"line":32,"column":47}},"13":{"start":{"line":34,"column":8},"end":{"line":34,"column":28}},"14":{"start":{"line":37,"column":4},"end":{"line":37,"column":18}},"15":{"start":{"line":40,"column":2},"end":{"line":40,"column":14}}},"fnMap":{"0":{"name":"maskSensitiveData","decl":{"start":{"line":21,"column":16},"end":{"line":21,"column":33}},"loc":{"start":{"line":21,"column":40},"end":{"line":41,"column":1}},"line":21},"1":{"name":"(anonymous_1)","decl":{"start":{"line":25,"column":20},"end":{"line":25,"column":21}},"loc":{"start":{"line":25,"column":28},"end":{"line":25,"column":51}},"line":25}},"branchMap":{"0":{"loc":{"start":{"line":22,"column":2},"end":{"line":22,"column":25}},"type":"if","locations":[{"start":{"line":22,"column":2},"end":{"line":22,"column":25}},{"start":{},"end":{}}],"line":22},"1":{"loc":{"start":{"line":24,"column":2},"end":{"line":38,"column":3}},"type":"if","locations":[{"start":{"line":24,"column":2},"end":{"line":38,"column":3}},{"start":{"line":26,"column":9},"end":{"line":38,"column":3}}],"line":24},"2":{"loc":{"start":{"line":26,"column":9},"end":{"line":38,"column":3}},"type":"if","locations":[{"start":{"line":26,"column":9},"end":{"line":38,"column":3}},{"start":{},"end":{}}],"line":26},"3":{"loc":{"start":{"line":29,"column":6},"end":{"line":35,"column":7}},"type":"if","locations":[{"start":{"line":29,"column":6},"end":{"line":35,"column":7}},{"start":{"line":31,"column":13},"end":{"line":35,"column":7}}],"line":29},"4":{"loc":{"start":{"line":31,"column":13},"end":{"line":35,"column":7}},"type":"if","locations":[{"start":{"line":31,"column":13},"end":{"line":35,"column":7}},{"start":{"line":33,"column":13},"end":{"line":35,"column":7}}],"line":31}},"s":{"0":2,"1":10,"2":2,"3":8,"4":1,"5":2,"6":7,"7":5,"8":5,"9":10,"10":5,"11":5,"12":1,"13":4,"14":5,"15":2},"f":{"0":10,"1":2},"b":{"0":[2,8],"1":[1,7],"2":[5,2],"3":[5,5],"4":[1,4]},"_coverageSchema":"1a1c01bbd47fc00a2c39e90264f33305004495a9","hash":"50ec2d7ffbf863a9db232a0af06c41e969e4c46e"}
,"C:\\Users\\poste\\logs-platform\\backend\\workers\\errorGroupWorker.js": {"path":"C:\\Users\\poste\\logs-platform\\backend\\workers\\errorGroupWorker.js","statementMap":{"0":{"start":{"line":9,"column":2},"end":{"line":22,"column":3}},"1":{"start":{"line":11,"column":20},"end":{"line":16,"column":6}},"2":{"start":{"line":18,"column":4},"end":{"line":18,"column":59}},"3":{"start":{"line":21,"column":4},"end":{"line":21,"column":79}}},"fnMap":{"0":{"name":"groupSimilarErrors","decl":{"start":{"line":8,"column":22},"end":{"line":8,"column":40}},"loc":{"start":{"line":8,"column":43},"end":{"line":23,"column":1}},"line":8}},"branchMap":{},"s":{"0":1,"1":1,"2":1,"3":0},"f":{"0":1},"b":{},"_coverageSchema":"1a1c01bbd47fc00a2c39e90264f33305004495a9","hash":"e987455ac18e8e57a9bb9591bb2986c968dcff68"}
}
