TN:
SF:config\db.js
FN:40,initDatabase
FNF:1
FNH:0
FNDA:0,initDatabase
DA:5,7
DA:41,0
DA:42,0
DA:43,0
DA:45,0
DA:46,0
LF:6
LH:1
BRDA:12,0,0,7
BRDA:12,0,1,0
BRDA:13,1,0,7
BRDA:13,1,1,0
BRF:4
BRH:2
end_of_record
TN:
SF:config\index.js
FN:6,requireEnv
FNF:1
FNH:1
FNDA:48,requireEnv
DA:4,8
DA:7,48
DA:8,0
DA:10,48
DA:13,8
LF:5
LH:4
BRDA:7,0,0,0
BRDA:7,0,1,48
BRDA:14,1,0,8
BRDA:14,1,1,0
BRDA:17,2,0,8
BRDA:17,2,1,8
BRDA:18,3,0,8
BRDA:18,3,1,8
BRDA:22,4,0,8
BRDA:22,4,1,0
BRDA:26,5,0,8
BRDA:26,5,1,0
BRDA:27,6,0,8
BRDA:27,6,1,0
BRDA:28,7,0,8
BRDA:28,7,1,0
BRF:16
BRH:10
end_of_record
TN:
SF:instrumentation\backendLogger.js
FN:19,log
FN:34,(anonymous_1)
FN:35,(anonymous_2)
FN:36,(anonymous_3)
FN:37,(anonymous_4)
FN:38,(anonymous_5)
FNF:6
FNH:2
FNDA:1,log
FNDA:1,(anonymous_1)
FNDA:0,(anonymous_2)
FNDA:0,(anonymous_3)
FNDA:0,(anonymous_4)
FNDA:0,(anonymous_5)
DA:8,1
DA:20,1
DA:23,1
DA:28,1
DA:34,1
DA:35,1
DA:36,1
DA:37,1
DA:38,1
LF:9
LH:9
BRDA:9,0,0,0
BRDA:9,0,1,1
BRDA:19,1,0,0
BRF:3
BRH:1
end_of_record
TN:
SF:instrumentation\requestContext.js
FN:9,requestContextMiddleware
FN:16,(anonymous_1)
FN:25,getRequestContext
FN:33,generateUniqueId
FNF:4
FNH:1
FNDA:0,requestContextMiddleware
FNDA:0,(anonymous_1)
FNDA:1,getRequestContext
FNDA:0,generateUniqueId
DA:4,1
DA:10,0
DA:16,0
DA:17,0
DA:26,1
DA:34,0
LF:6
LH:2
BRDA:11,0,0,0
BRDA:11,0,1,0
BRDA:12,1,0,0
BRDA:12,1,1,0
BRDA:13,2,0,0
BRDA:13,2,1,0
BRDA:26,3,0,1
BRDA:26,3,1,1
BRF:8
BRH:2
end_of_record
TN:
SF:models\Alert.js
FNF:0
FNH:0
DA:5,1
LF:1
LH:1
BRF:0
BRH:0
end_of_record
TN:
SF:models\Ingestion.js
FNF:0
FNH:0
DA:6,2
LF:1
LH:1
BRF:0
BRH:0
end_of_record
TN:
SF:models\Log.js
FNF:0
FNH:0
DA:4,3
LF:1
LH:1
BRF:0
BRH:0
end_of_record
TN:
SF:models\User.js
FNF:0
FNH:0
DA:4,1
LF:1
LH:1
BRF:0
BRH:0
end_of_record
TN:
SF:services\alertService.js
FN:10,(anonymous_0)
FN:20,(anonymous_1)
FN:29,(anonymous_2)
FN:39,(anonymous_3)
FN:50,(anonymous_4)
FNF:5
FNH:2
FNDA:1,(anonymous_0)
FNDA:1,(anonymous_1)
FNDA:0,(anonymous_2)
FNDA:0,(anonymous_3)
FNDA:0,(anonymous_4)
DA:11,1
DA:12,1
DA:21,1
DA:30,0
DA:40,0
DA:41,0
DA:42,0
DA:51,0
DA:52,0
LF:9
LH:3
BRDA:20,0,0,0
BRDA:41,1,0,0
BRDA:41,1,1,0
BRF:3
BRH:0
end_of_record
TN:
SF:services\ingestionService.js
FN:11,(anonymous_0)
FN:32,(anonymous_1)
FNF:2
FNH:2
FNDA:2,(anonymous_0)
FNDA:2,(anonymous_1)
DA:13,2
DA:16,2
DA:22,2
DA:33,2
DA:34,2
DA:36,1
DA:37,1
DA:38,1
DA:40,1
LF:9
LH:9
BRDA:32,0,0,2
BRDA:34,1,0,1
BRDA:34,1,1,1
BRDA:37,2,0,1
BRDA:37,2,1,0
BRDA:38,3,0,0
BRDA:38,3,1,1
BRF:7
BRH:5
end_of_record
TN:
SF:services\logService.js
FN:10,(anonymous_0)
FN:20,(anonymous_1)
FN:30,(anonymous_2)
FN:60,(anonymous_3)
FNF:4
FNH:3
FNDA:1,(anonymous_0)
FNDA:0,(anonymous_1)
FNDA:1,(anonymous_2)
FNDA:1,(anonymous_3)
DA:11,1
DA:12,1
DA:21,0
DA:31,1
DA:33,1
DA:34,1
DA:35,1
DA:36,1
DA:37,1
DA:38,1
DA:39,1
DA:40,0
DA:41,0
DA:42,0
DA:45,1
DA:52,1
DA:61,1
DA:62,1
LF:18
LH:14
BRDA:30,0,0,0
BRDA:30,1,0,1
BRDA:31,2,0,1
BRDA:31,3,0,1
BRDA:31,4,0,1
BRDA:34,5,0,1
BRDA:34,5,1,0
BRDA:35,6,0,0
BRDA:35,6,1,1
BRDA:36,7,0,0
BRDA:36,7,1,1
BRDA:37,8,0,0
BRDA:37,8,1,1
BRDA:38,9,0,0
BRDA:38,9,1,1
BRDA:39,10,0,0
BRDA:39,10,1,1
BRDA:39,11,0,1
BRDA:39,11,1,1
BRDA:41,12,0,0
BRDA:41,12,1,0
BRDA:42,13,0,0
BRDA:42,13,1,0
BRF:23
BRH:12
end_of_record
TN:
SF:services\userService.js
FN:11,(anonymous_0)
FN:30,(anonymous_1)
FN:39,(anonymous_2)
FN:49,(anonymous_3)
FN:67,(anonymous_4)
FN:78,(anonymous_5)
FNF:6
FNH:1
FNDA:1,(anonymous_0)
FNDA:0,(anonymous_1)
FNDA:0,(anonymous_2)
FNDA:0,(anonymous_3)
FNDA:0,(anonymous_4)
FNDA:0,(anonymous_5)
DA:13,1
DA:15,1
DA:23,1
DA:31,0
DA:40,0
DA:50,0
DA:51,0
DA:54,0
DA:55,0
DA:56,0
DA:59,0
DA:68,0
DA:69,0
DA:79,0
LF:14
LH:3
BRDA:19,0,0,1
BRDA:19,0,1,1
BRDA:20,1,0,0
BRDA:20,1,1,1
BRDA:51,2,0,0
BRDA:51,2,1,0
BRDA:54,3,0,0
BRDA:54,3,1,0
BRF:8
BRH:3
end_of_record
TN:
SF:utils\maskSensitiveData.js
FN:21,maskSensitiveData
FN:25,(anonymous_1)
FNF:2
FNH:2
FNDA:10,maskSensitiveData
FNDA:2,(anonymous_1)
DA:7,2
DA:22,10
DA:24,8
DA:25,2
DA:26,7
DA:27,5
DA:28,5
DA:29,10
DA:30,5
DA:31,5
DA:32,1
DA:34,4
DA:37,5
DA:40,2
LF:14
LH:14
BRDA:22,0,0,2
BRDA:22,0,1,8
BRDA:24,1,0,1
BRDA:24,1,1,7
BRDA:26,2,0,5
BRDA:26,2,1,2
BRDA:29,3,0,5
BRDA:29,3,1,5
BRDA:31,4,0,1
BRDA:31,4,1,4
BRF:10
BRH:10
end_of_record
TN:
SF:workers\errorGroupWorker.js
FN:8,groupSimilarErrors
FNF:1
FNH:1
FNDA:1,groupSimilarErrors
DA:9,1
DA:11,1
DA:18,1
DA:21,0
LF:4
LH:3
BRF:0
BRH:0
end_of_record
